E:\work\regioncontro\ControlRemote\Debug\cl.command.1.tlog
E:\work\regioncontro\ControlRemote\Debug\CL.read.1.tlog
E:\work\regioncontro\ControlRemote\Debug\CL.write.1.tlog
E:\WORK\REGIONCONTRO\CONTROLREMOTE\DEBUG\CONTROLREMOTE.DLL.EMBED.MANIFEST
E:\WORK\REGIONCONTRO\CONTROLREMOTE\DEBUG\CONTROLREMOTE.DLL.EMBED.MANIFEST.RES
E:\WORK\REGIONCONTRO\CONTROLREMOTE\DEBUG\CONTROLREMOTE.DLL.INTERMEDIATE.MANIFEST
E:\WORK\REGIONCONTRO\CONTROLREMOTE\DEBUG\CONTROLREMOTE.OBJ
E:\WORK\REGIONCONTRO\CONTROLREMOTE\DEBUG\CONTROLREMOTE.PCH
E:\work\regioncontro\ControlRemote\Debug\ControlRemote.write.1.tlog
E:\work\regioncontro\ControlRemote\Debug\ControlRemote_manifest.rc
E:\WORK\REGIONCONTRO\CONTROLREMOTE\DEBUG\DLLMAIN.OBJ
E:\work\regioncontro\ControlRemote\Debug\link.4128.read.1.tlog
E:\work\regioncontro\ControlRemote\Debug\link.4128.write.1.tlog
E:\work\regioncontro\ControlRemote\Debug\link.4128-cvtres.read.1.tlog
E:\work\regioncontro\ControlRemote\Debug\link.4128-cvtres.write.1.tlog
E:\work\regioncontro\ControlRemote\Debug\link.command.1.tlog
E:\work\regioncontro\ControlRemote\Debug\link.read.1.tlog
E:\work\regioncontro\ControlRemote\Debug\link.write.1.tlog
E:\work\regioncontro\ControlRemote\Debug\link-cvtres.read.1.tlog
E:\work\regioncontro\ControlRemote\Debug\link-cvtres.write.1.tlog
E:\work\regioncontro\ControlRemote\Debug\mt.command.1.tlog
E:\work\regioncontro\ControlRemote\Debug\mt.read.1.tlog
E:\work\regioncontro\ControlRemote\Debug\mt.write.1.tlog
E:\WORK\REGIONCONTRO\CONTROLREMOTE\DEBUG\NET_PROTOCOL.OBJ
E:\work\regioncontro\ControlRemote\Debug\rc.command.1.tlog
E:\work\regioncontro\ControlRemote\Debug\rc.read.1.tlog
E:\work\regioncontro\ControlRemote\Debug\rc.write.1.tlog
E:\WORK\REGIONCONTRO\CONTROLREMOTE\DEBUG\STDAFX.OBJ
E:\work\regioncontro\ControlRemote\Debug\vc100.idb
E:\WORK\REGIONCONTRO\CONTROLREMOTE\DEBUG\VC100.PDB
E:\WORK\REGIONCONTRO\DEBUG\CONTROLREMOTE.DLL
E:\work\regioncontro\Debug\ControlRemote.exp
E:\WORK\REGIONCONTRO\DEBUG\CONTROLREMOTE.ILK
E:\work\regioncontro\Debug\ControlRemote.lib
E:\WORK\REGIONCONTRO\DEBUG\CONTROLREMOTE.PDB
