E:\WORK\REGIONCONTRO\CONTROLLED\DEBUG\CAPTURE.OBJ
E:\WORK\REGIONCONTRO\CONTROLLED\DEBUG\CAPTURECOMMON.OBJ
E:\work\regioncontro\controlled\Debug\cl.command.1.tlog
E:\work\regioncontro\controlled\Debug\CL.read.1.tlog
E:\work\regioncontro\controlled\Debug\CL.write.1.tlog
E:\WORK\REGIONCONTRO\CONTROLLED\DEBUG\CONTROLLED.OBJ
E:\WORK\REGIONCONTRO\CONTROLLED\DEBUG\CONTROLLED.PCH
E:\WORK\REGIONCONTRO\CONTROLLED\DEBUG\DLLMAIN.OBJ
E:\WORK\REGIONCONTRO\CONTROLLED\DEBUG\FLVENC.OBJ
E:\work\regioncontro\controlled\Debug\lib.command.1.tlog
E:\work\regioncontro\controlled\Debug\Lib-link.read.1.tlog
E:\work\regioncontro\controlled\Debug\Lib-link.write.1.tlog
E:\WORK\REGIONCONTRO\CONTROLLED\DEBUG\LSENDINPUT.OBJ
E:\WORK\REGIONCONTRO\CONTROLLED\DEBUG\MP4RECORD.OBJ
E:\WORK\REGIONCONTRO\CONTROLLED\DEBUG\NET_PROTOCOL.OBJ
E:\WORK\REGIONCONTRO\CONTROLLED\DEBUG\PKT_QUEUE.OBJ
E:\work\regioncontro\controlled\Debug\vc100.idb
E:\WORK\REGIONCONTRO\CONTROLLED\DEBUG\VC100.PDB
E:\WORK\REGIONCONTRO\CONTROLLED\DEBUG\WORK.OBJ
E:\WORK\REGIONCONTRO\LIB\DEBUG\CONTROLLED.LIB
