E:\work\regioncontro\ControlRemote\Release\cl.command.1.tlog
E:\work\regioncontro\ControlRemote\Release\CL.read.1.tlog
E:\work\regioncontro\ControlRemote\Release\CL.write.1.tlog
E:\WORK\REGIONCONTRO\CONTROLREMOTE\RELEASE\CONTROLREMOTE.DLL.INTERMEDIATE.MANIFEST
E:\WORK\REGIONCONTRO\CONTROLREMOTE\RELEASE\CONTROLREMOTE.OBJ
E:\WORK\REGIONCONTRO\CONTROLREMOTE\RELEASE\CONTROLREMOTE.PCH
E:\work\regioncontro\ControlRemote\Release\ControlRemote.vcxprojResolveAssemblyReference.cache
E:\work\regioncontro\ControlRemote\Release\ControlRemote.write.1.tlog
E:\WORK\REGIONCONTRO\CONTROLREMOTE\RELEASE\DLLMAIN.OBJ
E:\work\regioncontro\ControlRemote\Release\link.command.1.tlog
E:\work\regioncontro\ControlRemote\Release\link.read.1.tlog
E:\work\regioncontro\ControlRemote\Release\link.write.1.tlog
E:\work\regioncontro\ControlRemote\Release\mt.command.1.tlog
E:\work\regioncontro\ControlRemote\Release\mt.read.1.tlog
E:\work\regioncontro\ControlRemote\Release\mt.write.1.tlog
E:\WORK\REGIONCONTRO\CONTROLREMOTE\RELEASE\NET_PROTOCOL.OBJ
E:\WORK\REGIONCONTRO\CONTROLREMOTE\RELEASE\STDAFX.OBJ
E:\WORK\REGIONCONTRO\CONTROLREMOTE\RELEASE\VC100.PDB
E:\WORK\REGIONCONTRO\RELEASE\CONTROLREMOTE.DLL
E:\work\regioncontro\Release\ControlRemote.exp
E:\work\regioncontro\Release\ControlRemote.lib
E:\WORK\REGIONCONTRO\RELEASE\CONTROLREMOTE.PDB
