E:\WORK\REGIONCONTRO\CONTROLLED\RELEASE\CAPTURE.OBJ
E:\WORK\REGIONCONTRO\CONTROLLED\RELEASE\CAPTURECOMMON.OBJ
E:\work\regioncontro\controlled\Release\cl.command.1.tlog
E:\work\regioncontro\controlled\Release\CL.read.1.tlog
E:\work\regioncontro\controlled\Release\CL.write.1.tlog
E:\WORK\REGIONCONTRO\CONTROLLED\RELEASE\CONTROLLED.OBJ
E:\WORK\REGIONCONTRO\CONTROLLED\RELEASE\CONTROLLED.PCH
E:\work\regioncontro\controlled\Release\controlled.write.1.tlog
E:\WORK\REGIONCONTRO\CONTROLLED\RELEASE\DLLMAIN.OBJ
E:\WORK\REGIONCONTRO\CONTROLLED\RELEASE\FLVENC.OBJ
E:\work\regioncontro\controlled\Release\lib.command.1.tlog
E:\work\regioncontro\controlled\Release\Lib-link.read.1.tlog
E:\work\regioncontro\controlled\Release\Lib-link.write.1.tlog
E:\WORK\REGIONCONTRO\CONTROLLED\RELEASE\LSENDINPUT.OBJ
E:\WORK\REGIONCONTRO\CONTROLLED\RELEASE\MP4RECORD.OBJ
E:\WORK\REGIONCONTRO\CONTROLLED\RELEASE\NET_PROTOCOL.OBJ
E:\WORK\REGIONCONTRO\CONTROLLED\RELEASE\PKT_QUEUE.OBJ
E:\WORK\REGIONCONTRO\CONTROLLED\RELEASE\VC100.PDB
E:\WORK\REGIONCONTRO\CONTROLLED\RELEASE\WORK.OBJ
E:\WORK\REGIONCONTRO\LIB\RELEASE\CONTROLLED.LIB
