E:\WORK\REGIONCONTRO\BIN\DEBUG\REGIONCONTRO.EXE
E:\WORK\REGIONCONTRO\BIN\DEBUG\REGIONCONTRO.ILK
E:\WORK\REGIONCONTRO\BIN\DEBUG\REGIONCONTRO.PDB
E:\WORK\REGIONCONTRO\REGIONCONTRO\DEBUG\APP.OBJ
E:\work\regioncontro\regioncontro\Debug\cl.command.1.tlog
E:\work\regioncontro\regioncontro\Debug\CL.read.1.tlog
E:\work\regioncontro\regioncontro\Debug\CL.write.1.tlog
E:\work\regioncontro\regioncontro\Debug\link.11052.read.1.tlog
E:\work\regioncontro\regioncontro\Debug\link.11052.read.2.tlog
E:\work\regioncontro\regioncontro\Debug\link.11052.write.1.tlog
E:\work\regioncontro\regioncontro\Debug\link.11052-cvtres.read.1.tlog
E:\work\regioncontro\regioncontro\Debug\link.11052-cvtres.write.1.tlog
E:\work\regioncontro\regioncontro\Debug\link.7568.read.1.tlog
E:\work\regioncontro\regioncontro\Debug\link.7568.read.2.tlog
E:\work\regioncontro\regioncontro\Debug\link.7568.write.1.tlog
E:\work\regioncontro\regioncontro\Debug\link.7568-cvtres.read.1.tlog
E:\work\regioncontro\regioncontro\Debug\link.7568-cvtres.write.1.tlog
E:\work\regioncontro\regioncontro\Debug\link.command.1.tlog
E:\work\regioncontro\regioncontro\Debug\link.read.1.tlog
E:\work\regioncontro\regioncontro\Debug\link.read.2.tlog
E:\work\regioncontro\regioncontro\Debug\link.write.1.tlog
E:\work\regioncontro\regioncontro\Debug\link-cvtres.read.1.tlog
E:\work\regioncontro\regioncontro\Debug\link-cvtres.write.1.tlog
E:\WORK\REGIONCONTRO\REGIONCONTRO\DEBUG\MAIN.OBJ
E:\work\regioncontro\regioncontro\Debug\mt.command.1.tlog
E:\work\regioncontro\regioncontro\Debug\mt.read.1.tlog
E:\work\regioncontro\regioncontro\Debug\mt.write.1.tlog
E:\work\regioncontro\regioncontro\Debug\rc.command.1.tlog
E:\work\regioncontro\regioncontro\Debug\rc.read.1.tlog
E:\work\regioncontro\regioncontro\Debug\rc.write.1.tlog
E:\WORK\REGIONCONTRO\REGIONCONTRO\DEBUG\REGIONCONTRO.EXE.EMBED.MANIFEST
E:\WORK\REGIONCONTRO\REGIONCONTRO\DEBUG\REGIONCONTRO.EXE.EMBED.MANIFEST.RES
E:\WORK\REGIONCONTRO\REGIONCONTRO\DEBUG\REGIONCONTRO.EXE.INTERMEDIATE.MANIFEST
E:\WORK\REGIONCONTRO\REGIONCONTRO\DEBUG\REGIONCONTRO.PCH
E:\work\regioncontro\regioncontro\Debug\regioncontro_manifest.rc
E:\work\regioncontro\regioncontro\Debug\vc100.idb
E:\WORK\REGIONCONTRO\REGIONCONTRO\DEBUG\VC100.PDB
